<?xml version="1.0" encoding="UTF-8"?>
<!-- Generated by org.testng.reporters.JUnitXMLReporter -->
<testsuite hostname="Alexanders-MacBook-Pro.local" ignored="1" name="Default test" tests="1" failures="0" timestamp="30 Oct 2020 18:57:42 GMT" time="2.964" errors="0">
  <testcase name="addPet" time="2.502" classname="restAPITesting.restAssuredTest.basicTest"/>
  <testcase name="getPetByStatus" time="0.0" classname="restAPITesting.restAssuredTest.basicTest">
    <ignored/>
  </testcase> <!-- getPetByStatus -->
</testsuite> <!-- Default test -->
