<?xml version="1.0" encoding="UTF-8"?>
<!-- Generated by org.testng.reporters.JUnitXMLReporter -->
<testsuite hostname="Alexanders-MacBook-Pro.local" ignored="3" name="Default test" tests="1" failures="1" timestamp="05 Nov 2020 20:38:25 GMT" time="2.045" errors="0">
  <testcase name="getPet" time="1.636" classname="restAPITesting.restAssuredTest.basicTest">
    <failure type="java.lang.AssertionError" message="1 expectation failed.
Expected response time was not a value less than &amp;lt;20L&amp;gt; milliseconds, was 1201 milliseconds (1201 milliseconds).">
      <![CDATA[java.lang.AssertionError: 1 expectation failed.Expected response time was not a value less than <20L> milliseconds, was 1201 milliseconds (1201 milliseconds).at sun.reflect.NativeConstructorAccessorImpl.newInstance0(Native Method)at sun.reflect.NativeConstructorAccessorImpl.newInstance(NativeConstructorAccessorImpl.java:62)at sun.reflect.DelegatingConstructorAccessorImpl.newInstance(DelegatingConstructorAccessorImpl.java:45)at java.lang.reflect.Constructor.newInstance(Constructor.java:423)at org.codehaus.groovy.reflection.CachedConstructor.invoke(CachedConstructor.java:72)at org.codehaus.groovy.reflection.CachedConstructor.doConstructorInvoke(CachedConstructor.java:59)at org.codehaus.groovy.runtime.callsite.ConstructorSite$ConstructorSiteNoUnwrap.callConstructor(ConstructorSite.java:84)at org.codehaus.groovy.runtime.callsite.CallSiteArray.defaultCallConstructor(CallSiteArray.java:59)at org.codehaus.groovy.runtime.callsite.AbstractCallSite.callConstructor(AbstractCallSite.java:263)at org.codehaus.groovy.runtime.callsite.AbstractCallSite.callConstructor(AbstractCallSite.java:277)at io.restassured.internal.ResponseSpecificationImpl$HamcrestAssertionClosure.validate(ResponseSpecificationImpl.groovy:493)at io.restassured.internal.ResponseSpecificationImpl$HamcrestAssertionClosure$validate$1.call(Unknown Source)at org.codehaus.groovy.runtime.callsite.CallSiteArray.defaultCall(CallSiteArray.java:47)at org.codehaus.groovy.runtime.callsite.AbstractCallSite.call(AbstractCallSite.java:125)at org.codehaus.groovy.runtime.callsite.AbstractCallSite.call(AbstractCallSite.java:139)at io.restassured.internal.ResponseSpecificationImpl.validateResponseIfRequired(ResponseSpecificationImpl.groovy:674)at sun.reflect.NativeMethodAccessorImpl.invoke0(Native Method)at sun.reflect.NativeMethodAccessorImpl.invoke(NativeMethodAccessorImpl.java:62)at sun.reflect.DelegatingMethodAccessorImpl.invoke(DelegatingMethodAccessorImpl.java:43)at java.lang.reflect.Method.invoke(Method.java:498)at org.codehaus.groovy.runtime.callsite.PlainObjectMetaMethodSite.doInvoke(PlainObjectMetaMethodSite.java:43)at org.codehaus.groovy.runtime.callsite.PogoMetaMethodSite$PogoCachedMethodSiteNoUnwrapNoCoerce.invoke(PogoMetaMethodSite.java:193)at org.codehaus.groovy.runtime.callsite.PogoMetaMethodSite.callCurrent(PogoMetaMethodSite.java:61)at org.codehaus.groovy.runtime.callsite.CallSiteArray.defaultCallCurrent(CallSiteArray.java:51)at org.codehaus.groovy.runtime.callsite.AbstractCallSite.callCurrent(AbstractCallSite.java:171)at org.codehaus.groovy.runtime.callsite.AbstractCallSite.callCurrent(AbstractCallSite.java:185)at io.restassured.internal.ResponseSpecificationImpl.time(ResponseSpecificationImpl.groovy:118)at io.restassured.internal.ValidatableResponseOptionsImpl.time(ValidatableResponseOptionsImpl.java:409)at io.restassured.internal.ValidatableResponseImpl.super$2$time(ValidatableResponseImpl.groovy)at sun.reflect.NativeMethodAccessorImpl.invoke0(Native Method)at sun.reflect.NativeMethodAccessorImpl.invoke(NativeMethodAccessorImpl.java:62)at sun.reflect.DelegatingMethodAccessorImpl.invoke(DelegatingMethodAccessorImpl.java:43)at java.lang.reflect.Method.invoke(Method.java:498)at org.codehaus.groovy.reflection.CachedMethod.invoke(CachedMethod.java:107)at groovy.lang.MetaMethod.doMethodInvoke(MetaMethod.java:323)at groovy.lang.MetaClassImpl.invokeMethod(MetaClassImpl.java:1262)at org.codehaus.groovy.runtime.ScriptBytecodeAdapter.invokeMethodOnSuperN(ScriptBytecodeAdapter.java:144)at io.restassured.internal.ValidatableResponseImpl.time(ValidatableResponseImpl.groovy:58)at io.restassured.internal.ValidatableResponseImpl.time(ValidatableResponseImpl.groovy)at io.restassured.internal.ValidatableResponseOptionsImpl.time(ValidatableResponseOptionsImpl.java:405)at io.restassured.internal.ValidatableResponseImpl.super$2$time(ValidatableResponseImpl.groovy)at sun.reflect.NativeMethodAccessorImpl.invoke0(Native Method)at sun.reflect.NativeMethodAccessorImpl.invoke(NativeMethodAccessorImpl.java:62)at sun.reflect.DelegatingMethodAccessorImpl.invoke(DelegatingMethodAccessorImpl.java:43)at java.lang.reflect.Method.invoke(Method.java:498)at org.codehaus.groovy.reflection.CachedMethod.invoke(CachedMethod.java:107)at groovy.lang.MetaMethod.doMethodInvoke(MetaMethod.java:323)at groovy.lang.MetaClassImpl.invokeMethod(MetaClassImpl.java:1262)at org.codehaus.groovy.runtime.ScriptBytecodeAdapter.invokeMethodOnSuperN(ScriptBytecodeAdapter.java:144)at io.restassured.internal.ValidatableResponseImpl.time(ValidatableResponseImpl.groovy:52)at io.restassured.internal.ValidatableResponseImpl.time(ValidatableResponseImpl.groovy)at restAPITesting.restAssuredTest.basicTest.getPet(basicTest.java:134)at sun.reflect.NativeMethodAccessorImpl.invoke0(Native Method)at sun.reflect.NativeMethodAccessorImpl.invoke(NativeMethodAccessorImpl.java:62)at sun.reflect.DelegatingMethodAccessorImpl.invoke(DelegatingMethodAccessorImpl.java:43)at java.lang.reflect.Method.invoke(Method.java:498)at org.testng.internal.MethodInvocationHelper.invokeMethod(MethodInvocationHelper.java:124)at org.testng.internal.Invoker.invokeMethod(Invoker.java:571)at org.testng.internal.Invoker.invokeTestMethod(Invoker.java:707)at org.testng.internal.Invoker.invokeTestMethods(Invoker.java:979)at org.testng.internal.TestMethodWorker.invokeTestMethods(TestMethodWorker.java:125)at org.testng.internal.TestMethodWorker.run(TestMethodWorker.java:109)at org.testng.TestRunner.privateRun(TestRunner.java:648)at org.testng.TestRunner.run(TestRunner.java:505)at org.testng.SuiteRunner.runTest(SuiteRunner.java:455)at org.testng.SuiteRunner.runSequentially(SuiteRunner.java:450)at org.testng.SuiteRunner.privateRun(SuiteRunner.java:415)at org.testng.SuiteRunner.run(SuiteRunner.java:364)at org.testng.SuiteRunnerWorker.runSuite(SuiteRunnerWorker.java:52)at org.testng.SuiteRunnerWorker.run(SuiteRunnerWorker.java:84)at org.testng.TestNG.runSuitesSequentially(TestNG.java:1187)at org.testng.TestNG.runSuitesLocally(TestNG.java:1116)at org.testng.TestNG.runSuites(TestNG.java:1028)at org.testng.TestNG.run(TestNG.java:996)at org.testng.remote.AbstractRemoteTestNG.run(AbstractRemoteTestNG.java:114)at org.testng.remote.RemoteTestNG.initAndRun(RemoteTestNG.java:251)at org.testng.remote.RemoteTestNG.main(RemoteTestNG.java:77)]]>
    </failure>
  </testcase> <!-- getPet -->
  <testcase name="userLogin" time="0.0" classname="restAPITesting.restAssuredTest.basicTest">
    <ignored/>
  </testcase> <!-- userLogin -->
  <testcase name="getPetByStatus" time="0.0" classname="restAPITesting.restAssuredTest.basicTest">
    <ignored/>
  </testcase> <!-- getPetByStatus -->
  <testcase name="addAndDeletePet" time="0.0" classname="restAPITesting.restAssuredTest.basicTest">
    <ignored/>
  </testcase> <!-- addAndDeletePet -->
</testsuite> <!-- Default test -->
