<?xml version="1.0" encoding="UTF-8"?>
<testng-results skipped="0" failed="0" ignored="3" total="4" passed="1">
  <reporter-output>
  </reporter-output>
  <suite name="Default suite" duration-ms="2854" started-at="2020-11-05T18:02:14Z" finished-at="2020-11-05T18:02:17Z">
    <groups>
    </groups>
    <test name="Default test" duration-ms="2854" started-at="2020-11-05T18:02:14Z" finished-at="2020-11-05T18:02:17Z">
      <class name="restAPITesting.restAssuredTest.basicTest">
        <test-method status="PASS" signature="setUp()[pri:0, instance:restAPITesting.restAssuredTest.basicTest@29ee9faa]" name="setUp" is-config="true" duration-ms="414" started-at="2020-11-05T20:02:14Z" finished-at="2020-11-05T20:02:15Z">
          <reporter-output>
          </reporter-output>
        </test-method> <!-- setUp -->
        <test-method status="PASS" signature="getPet()[pri:0, instance:restAPITesting.restAssuredTest.basicTest@29ee9faa]" name="getPet" duration-ms="2427" started-at="2020-11-05T20:02:15Z" finished-at="2020-11-05T20:02:17Z">
          <reporter-output>
          </reporter-output>
        </test-method> <!-- getPet -->
      </class> <!-- restAPITesting.restAssuredTest.basicTest -->
    </test> <!-- Default test -->
  </suite> <!-- Default suite -->
</testng-results>
